  Histogram.cpp
c:\users\hola\desktop\balta\visión por computadora\práctica 6 histogram\histogram\histogram\histogram.cpp(63): warning C4244: 'argumento': conversión de 'double' a 'const unsigned __int64'; posible pérdida de datos
c:\users\hola\desktop\balta\visión por computadora\práctica 6 histogram\histogram\histogram\histogram.cpp(64): warning C4244: 'argumento': conversión de 'double' a 'const unsigned __int64'; posible pérdida de datos
c:\users\hola\desktop\balta\visión por computadora\práctica 6 histogram\histogram\histogram\histogram.cpp(79): warning C4244: 'argumento': conversión de 'double' a 'const unsigned __int64'; posible pérdida de datos
c:\users\hola\desktop\balta\visión por computadora\práctica 6 histogram\histogram\histogram\histogram.cpp(109): warning C4244: 'argumento': conversión de 'double' a 'const unsigned __int64'; posible pérdida de datos
c:\users\hola\desktop\balta\visión por computadora\práctica 6 histogram\histogram\histogram\histogram.cpp(109): warning C4244: '=': conversión de '_Ty' a '_Tp'; posible pérdida de datos
          with
          [
              _Ty=double
          ]
          and
          [
              _Tp=uchar
          ]
c:\users\hola\desktop\balta\visión por computadora\práctica 6 histogram\histogram\histogram\histogram.cpp(122): warning C4244: 'argumento': conversión de 'double' a 'const unsigned __int64'; posible pérdida de datos
c:\users\hola\desktop\balta\visión por computadora\práctica 6 histogram\histogram\histogram\histogram.cpp(123): warning C4244: 'argumento': conversión de 'double' a 'const unsigned __int64'; posible pérdida de datos
c:\users\hola\desktop\balta\visión por computadora\práctica 6 histogram\histogram\histogram\histogram.cpp(124): warning C4244: 'argumento': conversión de 'double' a 'const unsigned __int64'; posible pérdida de datos
c:\users\hola\desktop\balta\visión por computadora\práctica 6 histogram\histogram\histogram\histogram.cpp(125): warning C4244: 'argumento': conversión de 'double' a 'const unsigned __int64'; posible pérdida de datos
c:\users\hola\desktop\balta\visión por computadora\práctica 6 histogram\histogram\histogram\histogram.cpp(150): warning C4244: 'argumento': conversión de 'double' a 'const unsigned __int64'; posible pérdida de datos
c:\users\hola\desktop\balta\visión por computadora\práctica 6 histogram\histogram\histogram\histogram.cpp(188): warning C4244: 'argumento': conversión de 'double' a 'const unsigned __int64'; posible pérdida de datos
c:\users\hola\desktop\balta\visión por computadora\práctica 6 histogram\histogram\histogram\histogram.cpp(218): warning C4244: 'argumento': conversión de 'double' a 'const unsigned __int64'; posible pérdida de datos
c:\users\hola\desktop\balta\visión por computadora\práctica 6 histogram\histogram\histogram\histogram.cpp(218): warning C4244: '=': conversión de '_Ty' a '_Tp'; posible pérdida de datos
          with
          [
              _Ty=double
          ]
          and
          [
              _Tp=uchar
          ]
  Histogram.vcxproj -> C:\Users\HOLA\Desktop\Balta\Visión por Computadora\Práctica 6 Histogram\Histogram\x64\Debug\Histogram.exe
